{"level":"info","message":"Admin count retrieved successfully: 1","timestamp":"2024-09-09T07:09:52.819Z"}
{"level":"info","message":"Employee count retrieved successfully: 2","timestamp":"2024-09-09T07:09:52.838Z"}
{"level":"info","message":"Total salary retrieved successfully: ₹55000","timestamp":"2024-09-09T07:09:52.849Z"}
{"level":"info","message":"Admin records retrieved successfully. Number of records: 1","timestamp":"2024-09-09T07:09:52.858Z"}
{"level":"info","message":"Admin count retrieved successfully: 1","timestamp":"2024-09-09T07:09:52.885Z"}
{"level":"info","message":"Employee count retrieved successfully: 2","timestamp":"2024-09-09T07:09:52.891Z"}
{"level":"info","message":"Total salary retrieved successfully: ₹55000","timestamp":"2024-09-09T07:09:52.896Z"}
{"level":"info","message":"Admin records retrieved successfully. Number of records: 1","timestamp":"2024-09-09T07:09:52.900Z"}
{"level":"info","message":"Admin count retrieved successfully: 1","timestamp":"2024-09-09T14:43:31.609Z"}
{"level":"info","message":"Employee count retrieved successfully: 2","timestamp":"2024-09-09T14:43:31.618Z"}
{"level":"info","message":"Total salary retrieved successfully: ₹55000","timestamp":"2024-09-09T14:43:31.622Z"}
{"level":"info","message":"Admin records retrieved successfully. Number of records: 1","timestamp":"2024-09-09T14:43:31.627Z"}
{"level":"info","message":"Admin count retrieved successfully: 1","timestamp":"2024-09-09T14:43:31.639Z"}
{"level":"info","message":"Employee count retrieved successfully: 2","timestamp":"2024-09-09T14:43:31.644Z"}
{"level":"info","message":"Total salary retrieved successfully: ₹55000","timestamp":"2024-09-09T14:43:31.651Z"}
{"level":"info","message":"Admin records retrieved successfully. Number of records: 1","timestamp":"2024-09-09T14:43:31.657Z"}
{"level":"info","message":"featched category data successfully","timestamp":"2024-09-09T14:43:52.977Z"}
{"level":"info","message":"featched category data successfully","timestamp":"2024-09-09T14:43:52.982Z"}
{"level":"info","message":"Admin count retrieved successfully: 1","timestamp":"2024-09-09T14:44:00.131Z"}
{"level":"info","message":"Employee count retrieved successfully: 2","timestamp":"2024-09-09T14:44:00.141Z"}
{"level":"info","message":"Total salary retrieved successfully: ₹55000","timestamp":"2024-09-09T14:44:00.146Z"}
{"level":"info","message":"Admin records retrieved successfully. Number of records: 1","timestamp":"2024-09-09T14:44:00.151Z"}
{"level":"info","message":"Admin count retrieved successfully: 1","timestamp":"2024-09-09T14:44:00.156Z"}
{"level":"info","message":"Employee count retrieved successfully: 2","timestamp":"2024-09-09T14:44:00.157Z"}
{"level":"info","message":"Total salary retrieved successfully: ₹55000","timestamp":"2024-09-09T14:44:00.162Z"}
{"level":"info","message":"Admin records retrieved successfully. Number of records: 1","timestamp":"2024-09-09T14:44:00.164Z"}
