{"level":"info","message":"login successfull","timestamp":"2024-09-03T05:10:29.560Z"}
{"level":"info","message":"login successfull ,admin@gmail.com","timestamp":"2024-09-03T05:13:30.838Z"}
{"level":"error","message":"login failed ,admin@gmail","timestamp":"2024-09-03T05:27:02.303Z"}
{"level":"info","message":"login successfull ,admin@gmail.com","timestamp":"2024-09-03T05:36:36.867Z"}
{"level":"info","message":"Fetched category data successfully","timestamp":"2024-09-03T06:26:03.689Z"}
{"level":"info","message":"Fetched category data successfully","timestamp":"2024-09-03T06:26:03.717Z"}
{"level":"info","message":"Fetched category data successfully","timestamp":"2024-09-03T06:27:01.060Z"}
{"level":"info","message":"Fetched category data successfully","timestamp":"2024-09-03T06:27:01.066Z"}
{"level":"info","message":"Added category data successfully","timestamp":"2024-09-03T06:30:32.437Z"}
{"level":"info","message":"Added category data successfully","timestamp":"2024-09-03T06:30:32.454Z"}
{"level":"info","message":"Category added successfully: techie","timestamp":"2024-09-03T06:33:54.379Z"}
{"level":"info","message":"featched category data successfully","timestamp":"2024-09-03T06:33:54.408Z"}
{"level":"info","message":"featched category data successfully","timestamp":"2024-09-03T06:33:54.419Z"}
{"level":"info","message":"featched category data successfully","timestamp":"2024-09-03T06:34:49.914Z"}
{"level":"info","message":"featched category data successfully","timestamp":"2024-09-03T06:34:49.922Z"}
{"level":"info","message":"featched category data successfully","timestamp":"2024-09-03T06:35:04.151Z"}
{"level":"info","message":"featched category data successfully","timestamp":"2024-09-03T06:35:04.157Z"}
{"level":"info","message":"featched category data successfully","timestamp":"2024-09-03T06:50:21.172Z"}
{"level":"info","message":"featched category data successfully","timestamp":"2024-09-03T06:50:21.194Z"}
{"level":"info","message":"Employee added successfully: raj chavan, Category ID: 14","timestamp":"2024-09-03T06:51:20.384Z"}
{"level":"info","message":"featched category data successfully","timestamp":"2024-09-03T08:35:05.743Z"}
{"level":"info","message":"featched category data successfully","timestamp":"2024-09-03T08:35:05.763Z"}
{"level":"info","message":"Employee updated successfully: ID 66, Name: raj chavan, Category ID: 11","timestamp":"2024-09-03T08:35:19.278Z"}
{"level":"info","message":"Employee deleted successfully: ID 66","timestamp":"2024-09-03T08:40:36.301Z"}
{"level":"info","message":"Admin count retrieved successfully: 1","timestamp":"2024-09-03T08:46:20.701Z"}
{"level":"info","message":"Admin count retrieved successfully: 1","timestamp":"2024-09-03T08:46:20.740Z"}
{"level":"info","message":"Admin count retrieved successfully: 1","timestamp":"2024-09-03T08:48:00.529Z"}
{"level":"info","message":"Employee count retrieved successfully: 2","timestamp":"2024-09-03T08:48:00.540Z"}
{"level":"info","message":"Admin count retrieved successfully: 1","timestamp":"2024-09-03T08:48:00.560Z"}
{"level":"info","message":"Employee count retrieved successfully: 2","timestamp":"2024-09-03T08:48:00.566Z"}
{"level":"info","message":"Admin count retrieved successfully: 1","timestamp":"2024-09-03T08:49:47.485Z"}
{"level":"info","message":"Employee count retrieved successfully: 2","timestamp":"2024-09-03T08:49:47.512Z"}
{"level":"info","message":"Total salary retrieved successfully: ₹55000","timestamp":"2024-09-03T08:49:47.519Z"}
{"level":"info","message":"Admin count retrieved successfully: 1","timestamp":"2024-09-03T08:49:47.532Z"}
{"level":"info","message":"Employee count retrieved successfully: 2","timestamp":"2024-09-03T08:49:47.536Z"}
{"level":"info","message":"Total salary retrieved successfully: ₹55000","timestamp":"2024-09-03T08:49:47.543Z"}
{"level":"info","message":"Admin count retrieved successfully: 1","timestamp":"2024-09-03T08:51:13.061Z"}
{"level":"info","message":"Employee count retrieved successfully: 2","timestamp":"2024-09-03T08:51:13.092Z"}
{"level":"info","message":"Total salary retrieved successfully: ₹55000","timestamp":"2024-09-03T08:51:13.096Z"}
{"level":"info","message":"Admin records retrieved successfully. Number of records: 1","timestamp":"2024-09-03T08:51:13.100Z"}
{"level":"info","message":"Admin count retrieved successfully: 1","timestamp":"2024-09-03T08:51:13.117Z"}
{"level":"info","message":"Employee count retrieved successfully: 2","timestamp":"2024-09-03T08:51:13.126Z"}
{"level":"info","message":"Total salary retrieved successfully: ₹55000","timestamp":"2024-09-03T08:51:13.132Z"}
{"level":"info","message":"Admin records retrieved successfully. Number of records: 1","timestamp":"2024-09-03T08:51:13.136Z"}
{"level":"info","message":"Admin count retrieved successfully: 1","timestamp":"2024-09-03T08:57:04.255Z"}
{"level":"info","message":"Employee count retrieved successfully: 2","timestamp":"2024-09-03T08:57:04.293Z"}
{"level":"info","message":"Total salary retrieved successfully: ₹55000","timestamp":"2024-09-03T08:57:04.300Z"}
{"level":"info","message":"Admin records retrieved successfully. Number of records: 1","timestamp":"2024-09-03T08:57:04.305Z"}
{"level":"info","message":"Admin count retrieved successfully: 1","timestamp":"2024-09-03T08:57:04.310Z"}
{"level":"info","message":"Employee count retrieved successfully: 2","timestamp":"2024-09-03T08:57:04.322Z"}
{"level":"info","message":"Total salary retrieved successfully: ₹55000","timestamp":"2024-09-03T08:57:04.330Z"}
{"level":"info","message":"Admin records retrieved successfully. Number of records: 1","timestamp":"2024-09-03T08:57:04.337Z"}
{"level":"info","message":"Logout request received","timestamp":"2024-09-03T08:57:17.368Z"}
{"level":"info","message":"Token cleared successfully","timestamp":"2024-09-03T08:57:17.370Z"}
{"level":"info","message":"Detail request received for employee ID: 64","timestamp":"2024-09-03T09:01:58.582Z"}
{"level":"info","message":"Detail request received for employee ID: 64","timestamp":"2024-09-03T09:01:58.606Z"}
{"level":"info","message":"Detail request received for employee ID: 64","timestamp":"2024-09-03T09:05:18.290Z"}
{"level":"error","message":"Database error fetching employee details: ER_EMPTY_QUERY: Query was empty","timestamp":"2024-09-03T09:05:18.310Z"}
{"level":"info","message":"Detail request received for employee ID: 64","timestamp":"2024-09-03T09:05:18.336Z"}
{"level":"error","message":"Database error fetching employee details: ER_EMPTY_QUERY: Query was empty","timestamp":"2024-09-03T09:05:18.345Z"}
{"level":"info","message":"Detail request received for employee ID: 64","timestamp":"2024-09-03T09:05:20.677Z"}
{"level":"error","message":"Database error fetching employee details: ER_EMPTY_QUERY: Query was empty","timestamp":"2024-09-03T09:05:20.681Z"}
{"level":"info","message":"Detail request received for employee ID: 64","timestamp":"2024-09-03T09:05:20.689Z"}
{"level":"error","message":"Database error fetching employee details: ER_EMPTY_QUERY: Query was empty","timestamp":"2024-09-03T09:05:20.692Z"}
{"level":"info","message":"Detail request received for employee ID: 64","timestamp":"2024-09-03T09:05:22.306Z"}
{"level":"error","message":"Database error fetching employee details: ER_EMPTY_QUERY: Query was empty","timestamp":"2024-09-03T09:05:22.311Z"}
{"level":"info","message":"Detail request received for employee ID: 64","timestamp":"2024-09-03T09:05:22.324Z"}
{"level":"error","message":"Database error fetching employee details: ER_EMPTY_QUERY: Query was empty","timestamp":"2024-09-03T09:05:22.334Z"}
{"level":"info","message":"Logout request received","requestHeaders":{"accept":"application/json, text/plain, */*","accept-encoding":"gzip, deflate, br, zstd","accept-language":"en-US,en;q=0.9","connection":"keep-alive","host":"localhost:3000","if-none-match":"W/\"f-z/O9WX3pukwNLINqM0mIX+83nso\"","origin":"http://localhost:5173","referer":"http://localhost:5173/","sec-ch-ua":"\"Chromium\";v=\"128\", \"Not;A=Brand\";v=\"24\", \"Google Chrome\";v=\"128\"","sec-ch-ua-mobile":"?0","sec-ch-ua-platform":"\"Windows\"","sec-fetch-dest":"empty","sec-fetch-mode":"cors","sec-fetch-site":"same-site","user-agent":"Mozilla/5.0 (Windows NT 10.0; Win64; x64) AppleWebKit/537.36 (KHTML, like Gecko) Chrome/128.0.0.0 Safari/537.36"},"timestamp":"2024-09-03T09:09:34.258Z"}
{"level":"info","message":"Token cleared and response sent","responseStatus":{"Status":true},"timestamp":"2024-09-03T09:09:34.269Z"}
{"level":"info","message":"Logout request received","requestHeaders":{"accept":"application/json, text/plain, */*","accept-encoding":"gzip, deflate, br, zstd","accept-language":"en-US,en;q=0.9","connection":"keep-alive","host":"localhost:3000","if-none-match":"W/\"f-z/O9WX3pukwNLINqM0mIX+83nso\"","origin":"http://localhost:5173","referer":"http://localhost:5173/","sec-ch-ua":"\"Chromium\";v=\"128\", \"Not;A=Brand\";v=\"24\", \"Google Chrome\";v=\"128\"","sec-ch-ua-mobile":"?0","sec-ch-ua-platform":"\"Windows\"","sec-fetch-dest":"empty","sec-fetch-mode":"cors","sec-fetch-site":"same-site","user-agent":"Mozilla/5.0 (Windows NT 10.0; Win64; x64) AppleWebKit/537.36 (KHTML, like Gecko) Chrome/128.0.0.0 Safari/537.36"},"timestamp":"2024-09-03T09:09:36.041Z"}
{"level":"info","message":"Token cleared and response sent","responseStatus":{"Status":true},"timestamp":"2024-09-03T09:09:36.044Z"}
{"level":"info","message":"Logout request received","requestHeaders":{"accept":"application/json, text/plain, */*","accept-encoding":"gzip, deflate, br, zstd","accept-language":"en-US,en;q=0.9","connection":"keep-alive","host":"localhost:3000","if-none-match":"W/\"f-z/O9WX3pukwNLINqM0mIX+83nso\"","origin":"http://localhost:5173","referer":"http://localhost:5173/","sec-ch-ua":"\"Chromium\";v=\"128\", \"Not;A=Brand\";v=\"24\", \"Google Chrome\";v=\"128\"","sec-ch-ua-mobile":"?0","sec-ch-ua-platform":"\"Windows\"","sec-fetch-dest":"empty","sec-fetch-mode":"cors","sec-fetch-site":"same-site","user-agent":"Mozilla/5.0 (Windows NT 10.0; Win64; x64) AppleWebKit/537.36 (KHTML, like Gecko) Chrome/128.0.0.0 Safari/537.36"},"timestamp":"2024-09-03T09:09:37.292Z"}
{"level":"info","message":"Token cleared and response sent","responseStatus":{"Status":true},"timestamp":"2024-09-03T09:09:37.295Z"}
{"level":"info","message":"Logout request received","requestHeaders":{"accept":"application/json, text/plain, */*","accept-encoding":"gzip, deflate, br, zstd","accept-language":"en-US,en;q=0.9","connection":"keep-alive","host":"localhost:3000","if-none-match":"W/\"f-z/O9WX3pukwNLINqM0mIX+83nso\"","origin":"http://localhost:5173","referer":"http://localhost:5173/","sec-ch-ua":"\"Chromium\";v=\"128\", \"Not;A=Brand\";v=\"24\", \"Google Chrome\";v=\"128\"","sec-ch-ua-mobile":"?0","sec-ch-ua-platform":"\"Windows\"","sec-fetch-dest":"empty","sec-fetch-mode":"cors","sec-fetch-site":"same-site","user-agent":"Mozilla/5.0 (Windows NT 10.0; Win64; x64) AppleWebKit/537.36 (KHTML, like Gecko) Chrome/128.0.0.0 Safari/537.36"},"timestamp":"2024-09-03T09:09:39.068Z"}
{"level":"info","message":"Token cleared and response sent","responseStatus":{"Status":true},"timestamp":"2024-09-03T09:09:39.071Z"}
{"level":"info","message":"login successfull ,admin@gmail.com","timestamp":"2024-09-03T09:18:07.196Z"}
{"level":"info","message":"Admin count retrieved successfully: 1","timestamp":"2024-09-03T09:18:07.268Z"}
{"level":"info","message":"Employee count retrieved successfully: 2","timestamp":"2024-09-03T09:18:07.275Z"}
{"level":"info","message":"Total salary retrieved successfully: ₹55000","timestamp":"2024-09-03T09:18:07.280Z"}
{"level":"info","message":"Admin records retrieved successfully. Number of records: 1","timestamp":"2024-09-03T09:18:07.284Z"}
{"level":"info","message":"Admin count retrieved successfully: 1","timestamp":"2024-09-03T09:18:07.289Z"}
{"level":"info","message":"Employee count retrieved successfully: 2","timestamp":"2024-09-03T09:18:07.292Z"}
{"level":"info","message":"Total salary retrieved successfully: ₹55000","timestamp":"2024-09-03T09:18:07.300Z"}
{"level":"info","message":"Admin records retrieved successfully. Number of records: 1","timestamp":"2024-09-03T09:18:07.304Z"}
{"level":"info","message":"Admin count retrieved successfully: 1","timestamp":"2024-09-03T09:18:11.839Z"}
{"level":"info","message":"Employee count retrieved successfully: 2","timestamp":"2024-09-03T09:18:11.849Z"}
{"level":"info","message":"Total salary retrieved successfully: ₹55000","timestamp":"2024-09-03T09:18:11.853Z"}
{"level":"info","message":"Admin records retrieved successfully. Number of records: 1","timestamp":"2024-09-03T09:18:11.856Z"}
{"level":"info","message":"Admin count retrieved successfully: 1","timestamp":"2024-09-03T09:18:11.866Z"}
{"level":"info","message":"Employee count retrieved successfully: 2","timestamp":"2024-09-03T09:18:11.873Z"}
{"level":"info","message":"Total salary retrieved successfully: ₹55000","timestamp":"2024-09-03T09:18:11.877Z"}
{"level":"info","message":"Admin records retrieved successfully. Number of records: 1","timestamp":"2024-09-03T09:18:11.882Z"}
{"level":"info","message":"Admin count retrieved successfully: 1","timestamp":"2024-09-03T09:20:10.201Z"}
{"level":"info","message":"Employee count retrieved successfully: 2","timestamp":"2024-09-03T09:20:10.209Z"}
{"level":"info","message":"Total salary retrieved successfully: ₹55000","timestamp":"2024-09-03T09:20:10.213Z"}
{"level":"info","message":"Admin records retrieved successfully. Number of records: 1","timestamp":"2024-09-03T09:20:10.215Z"}
{"level":"info","message":"Admin count retrieved successfully: 1","timestamp":"2024-09-03T09:20:10.220Z"}
{"level":"info","message":"Employee count retrieved successfully: 2","timestamp":"2024-09-03T09:20:10.226Z"}
{"level":"info","message":"Total salary retrieved successfully: ₹55000","timestamp":"2024-09-03T09:20:10.231Z"}
{"level":"info","message":"Admin records retrieved successfully. Number of records: 1","timestamp":"2024-09-03T09:20:10.234Z"}
{"level":"info","message":"featched category data successfully","timestamp":"2024-09-03T09:20:14.793Z"}
{"level":"info","message":"featched category data successfully","timestamp":"2024-09-03T09:20:14.799Z"}
{"level":"info","message":"Admin count retrieved successfully: 1","timestamp":"2024-09-03T09:20:19.801Z"}
{"level":"info","message":"Employee count retrieved successfully: 2","timestamp":"2024-09-03T09:20:19.809Z"}
{"level":"info","message":"Total salary retrieved successfully: ₹55000","timestamp":"2024-09-03T09:20:19.812Z"}
{"level":"info","message":"Admin records retrieved successfully. Number of records: 1","timestamp":"2024-09-03T09:20:19.816Z"}
{"level":"info","message":"Admin count retrieved successfully: 1","timestamp":"2024-09-03T09:20:19.820Z"}
{"level":"info","message":"Employee count retrieved successfully: 2","timestamp":"2024-09-03T09:20:19.825Z"}
{"level":"info","message":"Total salary retrieved successfully: ₹55000","timestamp":"2024-09-03T09:20:19.830Z"}
{"level":"info","message":"Admin records retrieved successfully. Number of records: 1","timestamp":"2024-09-03T09:20:19.832Z"}
{"level":"info","message":"featched category data successfully","timestamp":"2024-09-03T09:20:21.822Z"}
{"level":"info","message":"featched category data successfully","timestamp":"2024-09-03T09:20:21.830Z"}
{"level":"info","message":"Admin count retrieved successfully: 1","timestamp":"2024-09-03T09:20:24.951Z"}
{"level":"info","message":"Employee count retrieved successfully: 2","timestamp":"2024-09-03T09:20:24.959Z"}
{"level":"info","message":"Total salary retrieved successfully: ₹55000","timestamp":"2024-09-03T09:20:24.967Z"}
{"level":"info","message":"Admin records retrieved successfully. Number of records: 1","timestamp":"2024-09-03T09:20:24.969Z"}
{"level":"info","message":"Admin count retrieved successfully: 1","timestamp":"2024-09-03T09:20:24.973Z"}
{"level":"info","message":"Employee count retrieved successfully: 2","timestamp":"2024-09-03T09:20:24.977Z"}
{"level":"info","message":"Total salary retrieved successfully: ₹55000","timestamp":"2024-09-03T09:20:24.983Z"}
{"level":"info","message":"Admin records retrieved successfully. Number of records: 1","timestamp":"2024-09-03T09:20:24.986Z"}
{"level":"info","message":"Admin count retrieved successfully: 1","timestamp":"2024-09-03T09:21:33.867Z"}
{"level":"info","message":"Employee count retrieved successfully: 2","timestamp":"2024-09-03T09:21:33.869Z"}
{"level":"info","message":"Total salary retrieved successfully: ₹55000","timestamp":"2024-09-03T09:21:33.876Z"}
{"level":"info","message":"Admin records retrieved successfully. Number of records: 1","timestamp":"2024-09-03T09:21:33.880Z"}
{"level":"info","message":"Admin count retrieved successfully: 1","timestamp":"2024-09-03T09:21:33.883Z"}
{"level":"info","message":"Employee count retrieved successfully: 2","timestamp":"2024-09-03T09:21:33.889Z"}
{"level":"info","message":"Total salary retrieved successfully: ₹55000","timestamp":"2024-09-03T09:21:33.893Z"}
{"level":"info","message":"Admin records retrieved successfully. Number of records: 1","timestamp":"2024-09-03T09:21:33.902Z"}
{"level":"info","message":"featched category data successfully","timestamp":"2024-09-03T09:21:36.733Z"}
{"level":"info","message":"featched category data successfully","timestamp":"2024-09-03T09:21:36.744Z"}
{"level":"info","message":"Admin count retrieved successfully: 1","timestamp":"2024-09-03T09:21:37.951Z"}
{"level":"info","message":"Employee count retrieved successfully: 2","timestamp":"2024-09-03T09:21:37.964Z"}
{"level":"info","message":"Total salary retrieved successfully: ₹55000","timestamp":"2024-09-03T09:21:37.966Z"}
{"level":"info","message":"Admin records retrieved successfully. Number of records: 1","timestamp":"2024-09-03T09:21:37.969Z"}
{"level":"info","message":"Admin count retrieved successfully: 1","timestamp":"2024-09-03T09:21:37.972Z"}
{"level":"info","message":"Employee count retrieved successfully: 2","timestamp":"2024-09-03T09:21:37.982Z"}
{"level":"info","message":"Total salary retrieved successfully: ₹55000","timestamp":"2024-09-03T09:21:37.986Z"}
{"level":"info","message":"Admin records retrieved successfully. Number of records: 1","timestamp":"2024-09-03T09:21:37.989Z"}
{"level":"info","message":"featched category data successfully","timestamp":"2024-09-03T09:21:40.003Z"}
{"level":"info","message":"featched category data successfully","timestamp":"2024-09-03T09:21:40.011Z"}
{"level":"info","message":"Admin count retrieved successfully: 1","timestamp":"2024-09-03T09:21:41.337Z"}
{"level":"info","message":"Employee count retrieved successfully: 2","timestamp":"2024-09-03T09:21:41.345Z"}
{"level":"info","message":"Total salary retrieved successfully: ₹55000","timestamp":"2024-09-03T09:21:41.349Z"}
{"level":"info","message":"Admin records retrieved successfully. Number of records: 1","timestamp":"2024-09-03T09:21:41.352Z"}
{"level":"info","message":"Admin count retrieved successfully: 1","timestamp":"2024-09-03T09:21:41.354Z"}
{"level":"info","message":"Employee count retrieved successfully: 2","timestamp":"2024-09-03T09:21:41.357Z"}
{"level":"info","message":"Total salary retrieved successfully: ₹55000","timestamp":"2024-09-03T09:21:41.359Z"}
{"level":"info","message":"Admin records retrieved successfully. Number of records: 1","timestamp":"2024-09-03T09:21:41.362Z"}
{"level":"info","message":"featched category data successfully","timestamp":"2024-09-03T09:21:51.660Z"}
{"level":"info","message":"featched category data successfully","timestamp":"2024-09-03T09:21:51.665Z"}
{"level":"info","message":"Admin count retrieved successfully: 1","timestamp":"2024-09-03T09:21:52.974Z"}
{"level":"info","message":"Employee count retrieved successfully: 2","timestamp":"2024-09-03T09:21:52.983Z"}
{"level":"info","message":"Total salary retrieved successfully: ₹55000","timestamp":"2024-09-03T09:21:52.986Z"}
{"level":"info","message":"Admin records retrieved successfully. Number of records: 1","timestamp":"2024-09-03T09:21:52.990Z"}
{"level":"info","message":"Admin count retrieved successfully: 1","timestamp":"2024-09-03T09:21:52.994Z"}
{"level":"info","message":"Employee count retrieved successfully: 2","timestamp":"2024-09-03T09:21:53.000Z"}
{"level":"info","message":"Total salary retrieved successfully: ₹55000","timestamp":"2024-09-03T09:21:53.003Z"}
{"level":"info","message":"Admin records retrieved successfully. Number of records: 1","timestamp":"2024-09-03T09:21:53.006Z"}
{"level":"info","message":"featched category data successfully","timestamp":"2024-09-03T09:21:55.550Z"}
{"level":"info","message":"featched category data successfully","timestamp":"2024-09-03T09:21:55.555Z"}
{"level":"info","message":"Admin count retrieved successfully: 1","timestamp":"2024-09-03T09:21:59.611Z"}
{"level":"info","message":"Employee count retrieved successfully: 2","timestamp":"2024-09-03T09:21:59.624Z"}
{"level":"info","message":"Admin records retrieved successfully. Number of records: 1","timestamp":"2024-09-03T09:21:59.627Z"}
{"level":"info","message":"Admin count retrieved successfully: 1","timestamp":"2024-09-03T09:21:59.630Z"}
{"level":"info","message":"Total salary retrieved successfully: ₹55000","timestamp":"2024-09-03T09:21:59.634Z"}
{"level":"info","message":"Employee count retrieved successfully: 2","timestamp":"2024-09-03T09:21:59.638Z"}
{"level":"info","message":"Admin records retrieved successfully. Number of records: 1","timestamp":"2024-09-03T09:21:59.640Z"}
{"level":"info","message":"Total salary retrieved successfully: ₹55000","timestamp":"2024-09-03T09:21:59.646Z"}
{"level":"info","message":"featched category data successfully","timestamp":"2024-09-03T09:24:13.546Z"}
{"level":"info","message":"featched category data successfully","timestamp":"2024-09-03T09:24:13.560Z"}
{"level":"info","message":"Employee updated successfully: ID 65, Name: Rohit mahadik, Category ID: 14","timestamp":"2024-09-03T09:24:17.771Z"}
{"level":"info","message":"Logout request received","timestamp":"2024-09-03T09:25:52.150Z"}
{"level":"info","message":"Token cleared successfully","timestamp":"2024-09-03T09:25:52.151Z"}
{"level":"info","message":"login successfull ,admin@gmail.com","timestamp":"2024-09-03T10:14:42.143Z"}
{"level":"info","message":"Admin count retrieved successfully: 1","timestamp":"2024-09-03T10:14:42.194Z"}
{"level":"info","message":"Employee count retrieved successfully: 2","timestamp":"2024-09-03T10:14:42.206Z"}
{"level":"info","message":"Total salary retrieved successfully: ₹55000","timestamp":"2024-09-03T10:14:42.227Z"}
{"level":"info","message":"Admin records retrieved successfully. Number of records: 1","timestamp":"2024-09-03T10:14:42.232Z"}
{"level":"info","message":"Admin count retrieved successfully: 1","timestamp":"2024-09-03T10:14:42.240Z"}
{"level":"info","message":"Employee count retrieved successfully: 2","timestamp":"2024-09-03T10:14:42.248Z"}
{"level":"info","message":"Total salary retrieved successfully: ₹55000","timestamp":"2024-09-03T10:14:42.251Z"}
{"level":"info","message":"Admin records retrieved successfully. Number of records: 1","timestamp":"2024-09-03T10:14:42.253Z"}
{"level":"info","message":"Logout request received","timestamp":"2024-09-03T10:48:18.122Z"}
{"level":"info","message":"Token cleared successfully","timestamp":"2024-09-03T10:48:18.124Z"}
{"level":"info","message":"login successfull ,admin@gmail.com","timestamp":"2024-09-03T11:31:30.708Z"}
{"level":"info","message":"Admin count retrieved successfully: 1","timestamp":"2024-09-03T11:31:30.757Z"}
{"level":"info","message":"Employee count retrieved successfully: 2","timestamp":"2024-09-03T11:31:30.768Z"}
{"level":"info","message":"Total salary retrieved successfully: ₹55000","timestamp":"2024-09-03T11:31:30.772Z"}
{"level":"info","message":"Admin count retrieved successfully: 1","timestamp":"2024-09-03T11:31:30.779Z"}
{"level":"info","message":"Admin records retrieved successfully. Number of records: 1","timestamp":"2024-09-03T11:31:30.782Z"}
{"level":"info","message":"Employee count retrieved successfully: 2","timestamp":"2024-09-03T11:31:30.784Z"}
{"level":"info","message":"Total salary retrieved successfully: ₹55000","timestamp":"2024-09-03T11:31:30.788Z"}
{"level":"info","message":"Admin records retrieved successfully. Number of records: 1","timestamp":"2024-09-03T11:31:30.790Z"}
{"level":"info","message":"featched category data successfully","timestamp":"2024-09-03T11:56:29.427Z"}
{"level":"info","message":"featched category data successfully","timestamp":"2024-09-03T11:56:29.433Z"}
{"level":"info","message":"Admin count retrieved successfully: 1","timestamp":"2024-09-03T12:05:17.468Z"}
{"level":"info","message":"Employee count retrieved successfully: 2","timestamp":"2024-09-03T12:05:17.473Z"}
{"level":"info","message":"Total salary retrieved successfully: ₹55000","timestamp":"2024-09-03T12:05:17.475Z"}
{"level":"info","message":"Admin records retrieved successfully. Number of records: 1","timestamp":"2024-09-03T12:05:17.479Z"}
{"level":"info","message":"Admin count retrieved successfully: 1","timestamp":"2024-09-03T12:05:17.485Z"}
{"level":"info","message":"Employee count retrieved successfully: 2","timestamp":"2024-09-03T12:05:17.488Z"}
{"level":"info","message":"Total salary retrieved successfully: ₹55000","timestamp":"2024-09-03T12:05:17.493Z"}
{"level":"info","message":"Admin records retrieved successfully. Number of records: 1","timestamp":"2024-09-03T12:05:17.496Z"}
{"level":"info","message":"featched category data successfully","timestamp":"2024-09-03T12:05:23.036Z"}
{"level":"info","message":"featched category data successfully","timestamp":"2024-09-03T12:05:23.039Z"}
{"level":"info","message":"Logout request received","timestamp":"2024-09-03T12:45:19.084Z"}
{"level":"info","message":"Token cleared successfully","timestamp":"2024-09-03T12:45:19.087Z"}
{"level":"info","message":"login successfull ,admin@gmail.com","timestamp":"2024-09-04T04:25:40.941Z"}
{"level":"info","message":"Employee count retrieved successfully: 2","timestamp":"2024-09-04T04:25:41.124Z"}
{"level":"info","message":"Admin count retrieved successfully: 1","timestamp":"2024-09-04T04:25:41.134Z"}
{"level":"info","message":"Total salary retrieved successfully: ₹55000","timestamp":"2024-09-04T04:25:41.144Z"}
{"level":"info","message":"Admin records retrieved successfully. Number of records: 1","timestamp":"2024-09-04T04:25:41.167Z"}
{"level":"info","message":"Employee count retrieved successfully: 2","timestamp":"2024-09-04T04:25:41.186Z"}
{"level":"info","message":"Admin count retrieved successfully: 1","timestamp":"2024-09-04T04:25:41.204Z"}
{"level":"info","message":"Total salary retrieved successfully: ₹55000","timestamp":"2024-09-04T04:25:41.208Z"}
{"level":"info","message":"Admin records retrieved successfully. Number of records: 1","timestamp":"2024-09-04T04:25:41.213Z"}
{"level":"info","message":"Logout request received","timestamp":"2024-09-04T04:27:18.691Z"}
{"level":"info","message":"Token cleared successfully","timestamp":"2024-09-04T04:27:18.693Z"}
{"level":"info","message":"login successfull ,admin@gmail.com","timestamp":"2024-09-04T04:32:04.724Z"}
{"level":"info","message":"Admin count retrieved successfully: 1","timestamp":"2024-09-04T04:32:04.789Z"}
{"level":"info","message":"Employee count retrieved successfully: 2","timestamp":"2024-09-04T04:32:04.809Z"}
{"level":"info","message":"Total salary retrieved successfully: ₹55000","timestamp":"2024-09-04T04:32:04.813Z"}
{"level":"info","message":"Admin records retrieved successfully. Number of records: 1","timestamp":"2024-09-04T04:32:04.820Z"}
{"level":"info","message":"Admin count retrieved successfully: 1","timestamp":"2024-09-04T04:32:04.833Z"}
{"level":"info","message":"Employee count retrieved successfully: 2","timestamp":"2024-09-04T04:32:04.840Z"}
{"level":"info","message":"Total salary retrieved successfully: ₹55000","timestamp":"2024-09-04T04:32:04.845Z"}
{"level":"info","message":"Admin records retrieved successfully. Number of records: 1","timestamp":"2024-09-04T04:32:04.852Z"}
{"level":"info","message":"featched category data successfully","timestamp":"2024-09-04T04:32:18.685Z"}
{"level":"info","message":"featched category data successfully","timestamp":"2024-09-04T04:32:18.704Z"}
{"level":"info","message":"featched category data successfully","timestamp":"2024-09-04T04:32:27.317Z"}
{"level":"info","message":"featched category data successfully","timestamp":"2024-09-04T04:32:27.330Z"}
{"level":"info","message":"featched category data successfully","timestamp":"2024-09-04T04:40:01.412Z"}
{"level":"info","message":"featched category data successfully","timestamp":"2024-09-04T04:40:01.442Z"}
{"level":"info","message":"Employee updated successfully: ID 64, Name: Swaroop patil, Category ID: 9","timestamp":"2024-09-04T04:40:08.130Z"}
{"level":"info","message":"featched category data successfully","timestamp":"2024-09-04T04:40:28.653Z"}
{"level":"info","message":"featched category data successfully","timestamp":"2024-09-04T04:40:28.663Z"}
{"level":"info","message":"Employee updated successfully: ID 64, Name: Swaroop patil, Category ID: 9","timestamp":"2024-09-04T04:40:34.446Z"}
{"level":"info","message":"featched category data successfully","timestamp":"2024-09-04T04:40:37.656Z"}
{"level":"info","message":"featched category data successfully","timestamp":"2024-09-04T04:40:37.667Z"}
{"level":"info","message":"Employee updated successfully: ID 64, Name: Swaroop patil, Category ID: 11","timestamp":"2024-09-04T04:40:44.589Z"}
{"level":"info","message":"featched category data successfully","timestamp":"2024-09-04T04:40:48.095Z"}
{"level":"info","message":"featched category data successfully","timestamp":"2024-09-04T04:40:48.112Z"}
{"level":"info","message":"Employee updated successfully: ID 65, Name: Rohit mahadik, Category ID: 14","timestamp":"2024-09-04T04:40:52.976Z"}
{"level":"info","message":"featched category data successfully","timestamp":"2024-09-04T04:40:56.238Z"}
{"level":"info","message":"featched category data successfully","timestamp":"2024-09-04T04:40:56.254Z"}
{"level":"info","message":"Employee updated successfully: ID 65, Name: Rohit mahadik, Category ID: 14","timestamp":"2024-09-04T04:40:59.773Z"}
{"level":"info","message":"featched category data successfully","timestamp":"2024-09-04T04:41:02.495Z"}
{"level":"info","message":"featched category data successfully","timestamp":"2024-09-04T04:41:02.501Z"}
{"level":"error","message":"Error adding employee Raj chavan: ER_NO_REFERENCED_ROW_2: Cannot add or update a child row: a foreign key constraint fails (`employeems`.`employee`, CONSTRAINT `employee_ibfk_1` FOREIGN KEY (`catagory_id`) REFERENCES `catagory` (`id`))","timestamp":"2024-09-04T04:42:11.017Z"}
{"level":"info","message":"Employee added successfully: Raj chavan","timestamp":"2024-09-04T04:42:40.788Z"}
{"level":"info","message":"featched category data successfully","timestamp":"2024-09-04T04:43:22.536Z"}
{"level":"info","message":"featched category data successfully","timestamp":"2024-09-04T04:43:22.542Z"}
{"level":"info","message":"featched category data successfully","timestamp":"2024-09-04T04:53:53.985Z"}
{"level":"info","message":"featched category data successfully","timestamp":"2024-09-04T04:53:57.272Z"}
{"level":"info","message":"featched category data successfully","timestamp":"2024-09-04T04:53:57.279Z"}
{"level":"info","message":"featched category data successfully","timestamp":"2024-09-04T04:54:00.815Z"}
{"level":"info","message":"featched category data successfully","timestamp":"2024-09-04T04:54:00.822Z"}
{"level":"info","message":"featched category data successfully","timestamp":"2024-09-04T04:54:10.214Z"}
{"level":"info","message":"featched category data successfully","timestamp":"2024-09-04T04:54:10.230Z"}
{"level":"info","message":"Admin count retrieved successfully: 1","timestamp":"2024-09-04T04:54:15.629Z"}
{"level":"info","message":"Employee count retrieved successfully: 3","timestamp":"2024-09-04T04:54:15.643Z"}
{"level":"info","message":"Total salary retrieved successfully: ₹85000","timestamp":"2024-09-04T04:54:15.647Z"}
{"level":"info","message":"Admin records retrieved successfully. Number of records: 1","timestamp":"2024-09-04T04:54:15.653Z"}
{"level":"info","message":"Admin count retrieved successfully: 1","timestamp":"2024-09-04T04:54:15.656Z"}
{"level":"info","message":"Employee count retrieved successfully: 3","timestamp":"2024-09-04T04:54:15.666Z"}
{"level":"info","message":"Total salary retrieved successfully: ₹85000","timestamp":"2024-09-04T04:54:15.668Z"}
{"level":"info","message":"Admin records retrieved successfully. Number of records: 1","timestamp":"2024-09-04T04:54:15.670Z"}
{"level":"info","message":"Admin count retrieved successfully: 1","timestamp":"2024-09-04T04:54:37.027Z"}
{"level":"info","message":"Employee count retrieved successfully: 3","timestamp":"2024-09-04T04:54:37.037Z"}
{"level":"info","message":"Total salary retrieved successfully: ₹85000","timestamp":"2024-09-04T04:54:37.041Z"}
{"level":"info","message":"Admin records retrieved successfully. Number of records: 1","timestamp":"2024-09-04T04:54:37.049Z"}
{"level":"info","message":"Admin count retrieved successfully: 1","timestamp":"2024-09-04T04:54:37.054Z"}
{"level":"info","message":"Employee count retrieved successfully: 3","timestamp":"2024-09-04T04:54:37.060Z"}
{"level":"info","message":"Total salary retrieved successfully: ₹85000","timestamp":"2024-09-04T04:54:37.062Z"}
{"level":"info","message":"Admin records retrieved successfully. Number of records: 1","timestamp":"2024-09-04T04:54:37.064Z"}
{"level":"info","message":"Logout request received","timestamp":"2024-09-04T04:54:40.313Z"}
{"level":"info","message":"Token cleared successfully","timestamp":"2024-09-04T04:54:40.316Z"}
{"level":"info","message":"login successfull ,admin@gmail.com","timestamp":"2024-09-04T04:55:52.758Z"}
{"level":"info","message":"Admin count retrieved successfully: 1","timestamp":"2024-09-04T04:55:52.795Z"}
{"level":"info","message":"Employee count retrieved successfully: 3","timestamp":"2024-09-04T04:55:52.805Z"}
{"level":"info","message":"Total salary retrieved successfully: ₹85000","timestamp":"2024-09-04T04:55:52.815Z"}
{"level":"info","message":"Admin records retrieved successfully. Number of records: 1","timestamp":"2024-09-04T04:55:52.818Z"}
{"level":"info","message":"Admin count retrieved successfully: 1","timestamp":"2024-09-04T04:55:52.822Z"}
{"level":"info","message":"Employee count retrieved successfully: 3","timestamp":"2024-09-04T04:55:52.825Z"}
{"level":"info","message":"Total salary retrieved successfully: ₹85000","timestamp":"2024-09-04T04:55:52.830Z"}
{"level":"info","message":"Admin records retrieved successfully. Number of records: 1","timestamp":"2024-09-04T04:55:52.834Z"}
{"level":"info","message":"featched category data successfully","timestamp":"2024-09-04T04:55:58.430Z"}
{"level":"info","message":"featched category data successfully","timestamp":"2024-09-04T04:55:58.435Z"}
{"level":"info","message":"Category added successfully: HR","timestamp":"2024-09-04T04:56:08.829Z"}
{"level":"info","message":"featched category data successfully","timestamp":"2024-09-04T04:56:08.846Z"}
{"level":"info","message":"featched category data successfully","timestamp":"2024-09-04T04:56:08.852Z"}
{"level":"info","message":"featched category data successfully","timestamp":"2024-09-04T04:56:11.778Z"}
{"level":"info","message":"featched category data successfully","timestamp":"2024-09-04T04:56:11.785Z"}
{"level":"info","message":"Employee added successfully: Rushikesh suryavanshi","timestamp":"2024-09-04T04:57:36.459Z"}
{"level":"info","message":"Logout request received","timestamp":"2024-09-04T04:57:59.434Z"}
{"level":"info","message":"Token cleared successfully","timestamp":"2024-09-04T04:57:59.435Z"}
{"level":"info","message":"login successfull ,admin@gmail.com","timestamp":"2024-09-04T05:22:36.765Z"}
{"level":"info","message":"Admin count retrieved successfully: 1","timestamp":"2024-09-04T05:22:36.787Z"}
{"level":"info","message":"Employee count retrieved successfully: 4","timestamp":"2024-09-04T05:22:36.792Z"}
{"level":"info","message":"Total salary retrieved successfully: ₹120000","timestamp":"2024-09-04T05:22:36.802Z"}
{"level":"info","message":"Admin count retrieved successfully: 1","timestamp":"2024-09-04T05:22:36.813Z"}
{"level":"info","message":"Admin records retrieved successfully. Number of records: 1","timestamp":"2024-09-04T05:22:36.820Z"}
{"level":"info","message":"Employee count retrieved successfully: 4","timestamp":"2024-09-04T05:22:36.827Z"}
{"level":"info","message":"Total salary retrieved successfully: ₹120000","timestamp":"2024-09-04T05:22:36.829Z"}
{"level":"info","message":"Admin records retrieved successfully. Number of records: 1","timestamp":"2024-09-04T05:22:36.832Z"}
{"level":"info","message":"Admin count retrieved successfully: 1","timestamp":"2024-09-04T05:22:46.075Z"}
{"level":"info","message":"Employee count retrieved successfully: 4","timestamp":"2024-09-04T05:22:46.081Z"}
{"level":"info","message":"Total salary retrieved successfully: ₹120000","timestamp":"2024-09-04T05:22:46.085Z"}
{"level":"info","message":"Admin records retrieved successfully. Number of records: 1","timestamp":"2024-09-04T05:22:46.090Z"}
{"level":"info","message":"Admin count retrieved successfully: 1","timestamp":"2024-09-04T05:22:46.096Z"}
{"level":"info","message":"Employee count retrieved successfully: 4","timestamp":"2024-09-04T05:22:46.099Z"}
{"level":"info","message":"Total salary retrieved successfully: ₹120000","timestamp":"2024-09-04T05:22:46.101Z"}
{"level":"info","message":"Admin records retrieved successfully. Number of records: 1","timestamp":"2024-09-04T05:22:46.104Z"}
{"level":"info","message":"Admin count retrieved successfully: 1","timestamp":"2024-09-04T05:24:50.986Z"}
{"level":"info","message":"Employee count retrieved successfully: 4","timestamp":"2024-09-04T05:24:50.990Z"}
{"level":"info","message":"Total salary retrieved successfully: ₹120000","timestamp":"2024-09-04T05:24:51.001Z"}
{"level":"info","message":"Admin records retrieved successfully. Number of records: 1","timestamp":"2024-09-04T05:24:51.004Z"}
{"level":"info","message":"Admin count retrieved successfully: 1","timestamp":"2024-09-04T05:26:20.937Z"}
{"level":"info","message":"Employee count retrieved successfully: 4","timestamp":"2024-09-04T05:26:20.941Z"}
{"level":"info","message":"Total salary retrieved successfully: ₹120000","timestamp":"2024-09-04T05:26:20.946Z"}
{"level":"info","message":"Admin records retrieved successfully. Number of records: 1","timestamp":"2024-09-04T05:26:20.949Z"}
{"level":"info","message":"Admin count retrieved successfully: 1","timestamp":"2024-09-04T05:26:30.929Z"}
{"level":"info","message":"Employee count retrieved successfully: 4","timestamp":"2024-09-04T05:26:30.933Z"}
{"level":"info","message":"Total salary retrieved successfully: ₹120000","timestamp":"2024-09-04T05:26:30.935Z"}
{"level":"info","message":"Admin records retrieved successfully. Number of records: 1","timestamp":"2024-09-04T05:26:30.937Z"}
{"level":"info","message":"Admin count retrieved successfully: 1","timestamp":"2024-09-04T05:26:38.935Z"}
{"level":"info","message":"Employee count retrieved successfully: 4","timestamp":"2024-09-04T05:26:38.942Z"}
{"level":"info","message":"Admin records retrieved successfully. Number of records: 1","timestamp":"2024-09-04T05:26:38.946Z"}
{"level":"info","message":"Total salary retrieved successfully: ₹120000","timestamp":"2024-09-04T05:26:38.950Z"}
{"level":"info","message":"Admin count retrieved successfully: 1","timestamp":"2024-09-04T05:26:43.927Z"}
{"level":"info","message":"Employee count retrieved successfully: 4","timestamp":"2024-09-04T05:26:43.932Z"}
{"level":"info","message":"Total salary retrieved successfully: ₹120000","timestamp":"2024-09-04T05:26:43.934Z"}
{"level":"info","message":"Admin records retrieved successfully. Number of records: 1","timestamp":"2024-09-04T05:26:43.936Z"}
{"level":"info","message":"Admin count retrieved successfully: 1","timestamp":"2024-09-04T05:26:44.926Z"}
{"level":"info","message":"Employee count retrieved successfully: 4","timestamp":"2024-09-04T05:26:44.929Z"}
{"level":"info","message":"Total salary retrieved successfully: ₹120000","timestamp":"2024-09-04T05:26:44.932Z"}
{"level":"info","message":"Admin records retrieved successfully. Number of records: 1","timestamp":"2024-09-04T05:26:44.936Z"}
{"level":"info","message":"Admin count retrieved successfully: 1","timestamp":"2024-09-04T05:26:47.938Z"}
{"level":"info","message":"Employee count retrieved successfully: 4","timestamp":"2024-09-04T05:26:47.942Z"}
{"level":"info","message":"Total salary retrieved successfully: ₹120000","timestamp":"2024-09-04T05:26:47.947Z"}
{"level":"info","message":"Admin records retrieved successfully. Number of records: 1","timestamp":"2024-09-04T05:26:47.951Z"}
{"level":"info","message":"Admin count retrieved successfully: 1","timestamp":"2024-09-04T05:29:49.949Z"}
{"level":"info","message":"Employee count retrieved successfully: 4","timestamp":"2024-09-04T05:29:49.954Z"}
{"level":"info","message":"Total salary retrieved successfully: ₹120000","timestamp":"2024-09-04T05:29:49.958Z"}
{"level":"info","message":"Admin records retrieved successfully. Number of records: 1","timestamp":"2024-09-04T05:29:49.961Z"}
{"level":"info","message":"Admin count retrieved successfully: 1","timestamp":"2024-09-04T05:29:49.966Z"}
{"level":"info","message":"Employee count retrieved successfully: 4","timestamp":"2024-09-04T05:29:49.971Z"}
{"level":"info","message":"Total salary retrieved successfully: ₹120000","timestamp":"2024-09-04T05:29:49.973Z"}
{"level":"info","message":"Admin records retrieved successfully. Number of records: 1","timestamp":"2024-09-04T05:29:49.975Z"}
{"level":"info","message":"Admin count retrieved successfully: 1","timestamp":"2024-09-04T05:29:51.941Z"}
{"level":"info","message":"Employee count retrieved successfully: 4","timestamp":"2024-09-04T05:29:51.947Z"}
{"level":"info","message":"Total salary retrieved successfully: ₹120000","timestamp":"2024-09-04T05:29:51.962Z"}
{"level":"info","message":"Admin records retrieved successfully. Number of records: 1","timestamp":"2024-09-04T05:29:51.969Z"}
{"level":"info","message":"Admin count retrieved successfully: 1","timestamp":"2024-09-04T05:30:01.239Z"}
{"level":"info","message":"Employee count retrieved successfully: 4","timestamp":"2024-09-04T05:30:01.244Z"}
{"level":"info","message":"Admin count retrieved successfully: 1","timestamp":"2024-09-04T05:30:01.249Z"}
{"level":"info","message":"Total salary retrieved successfully: ₹120000","timestamp":"2024-09-04T05:30:01.251Z"}
{"level":"info","message":"Admin records retrieved successfully. Number of records: 1","timestamp":"2024-09-04T05:30:01.260Z"}
{"level":"info","message":"Employee count retrieved successfully: 4","timestamp":"2024-09-04T05:30:01.263Z"}
{"level":"info","message":"Total salary retrieved successfully: ₹120000","timestamp":"2024-09-04T05:30:01.267Z"}
{"level":"info","message":"Admin records retrieved successfully. Number of records: 1","timestamp":"2024-09-04T05:30:01.270Z"}
{"level":"info","message":"Admin count retrieved successfully: 1","timestamp":"2024-09-04T05:30:23.945Z"}
{"level":"info","message":"Employee count retrieved successfully: 4","timestamp":"2024-09-04T05:30:23.948Z"}
{"level":"info","message":"Admin records retrieved successfully. Number of records: 1","timestamp":"2024-09-04T05:30:23.952Z"}
{"level":"info","message":"Total salary retrieved successfully: ₹120000","timestamp":"2024-09-04T05:30:23.955Z"}
{"level":"info","message":"Admin count retrieved successfully: 1","timestamp":"2024-09-04T05:30:43.948Z"}
{"level":"info","message":"Employee count retrieved successfully: 4","timestamp":"2024-09-04T05:30:43.954Z"}
{"level":"info","message":"Total salary retrieved successfully: ₹120000","timestamp":"2024-09-04T05:30:43.959Z"}
{"level":"info","message":"Admin records retrieved successfully. Number of records: 1","timestamp":"2024-09-04T05:30:43.966Z"}
{"level":"info","message":"Admin count retrieved successfully: 1","timestamp":"2024-09-04T05:30:43.969Z"}
{"level":"info","message":"Employee count retrieved successfully: 4","timestamp":"2024-09-04T05:30:43.973Z"}
{"level":"info","message":"Total salary retrieved successfully: ₹120000","timestamp":"2024-09-04T05:30:43.976Z"}
{"level":"info","message":"Admin records retrieved successfully. Number of records: 1","timestamp":"2024-09-04T05:30:43.978Z"}
{"level":"info","message":"Admin count retrieved successfully: 1","timestamp":"2024-09-04T05:49:27.479Z"}
{"level":"info","message":"Employee count retrieved successfully: 4","timestamp":"2024-09-04T05:49:27.486Z"}
{"level":"info","message":"Total salary retrieved successfully: ₹120000","timestamp":"2024-09-04T05:49:27.488Z"}
{"level":"info","message":"Admin records retrieved successfully. Number of records: 1","timestamp":"2024-09-04T05:49:27.491Z"}
{"level":"info","message":"Admin count retrieved successfully: 1","timestamp":"2024-09-04T05:49:27.497Z"}
{"level":"info","message":"Employee count retrieved successfully: 4","timestamp":"2024-09-04T05:49:27.500Z"}
{"level":"info","message":"Total salary retrieved successfully: ₹120000","timestamp":"2024-09-04T05:49:27.501Z"}
{"level":"info","message":"Admin records retrieved successfully. Number of records: 1","timestamp":"2024-09-04T05:49:27.503Z"}
{"level":"info","message":"Admin count retrieved successfully: 1","timestamp":"2024-09-04T05:49:29.703Z"}
{"level":"info","message":"Employee count retrieved successfully: 4","timestamp":"2024-09-04T05:49:29.708Z"}
{"level":"info","message":"Total salary retrieved successfully: ₹120000","timestamp":"2024-09-04T05:49:29.712Z"}
{"level":"info","message":"Admin records retrieved successfully. Number of records: 1","timestamp":"2024-09-04T05:49:29.715Z"}
{"level":"info","message":"Admin count retrieved successfully: 1","timestamp":"2024-09-04T05:49:29.718Z"}
{"level":"info","message":"Employee count retrieved successfully: 4","timestamp":"2024-09-04T05:49:29.720Z"}
{"level":"info","message":"Total salary retrieved successfully: ₹120000","timestamp":"2024-09-04T05:49:29.723Z"}
{"level":"info","message":"Admin records retrieved successfully. Number of records: 1","timestamp":"2024-09-04T05:49:29.725Z"}
{"level":"info","message":"Admin count retrieved successfully: 1","timestamp":"2024-09-04T05:49:31.295Z"}
{"level":"info","message":"Employee count retrieved successfully: 4","timestamp":"2024-09-04T05:49:31.297Z"}
{"level":"info","message":"Total salary retrieved successfully: ₹120000","timestamp":"2024-09-04T05:49:31.300Z"}
{"level":"info","message":"Admin records retrieved successfully. Number of records: 1","timestamp":"2024-09-04T05:49:31.302Z"}
{"level":"info","message":"Admin count retrieved successfully: 1","timestamp":"2024-09-04T05:49:31.306Z"}
{"level":"info","message":"Employee count retrieved successfully: 4","timestamp":"2024-09-04T05:49:31.309Z"}
{"level":"info","message":"Total salary retrieved successfully: ₹120000","timestamp":"2024-09-04T05:49:31.311Z"}
{"level":"info","message":"Admin records retrieved successfully. Number of records: 1","timestamp":"2024-09-04T05:49:31.313Z"}
{"level":"info","message":"Admin count retrieved successfully: 1","timestamp":"2024-09-04T05:50:18.994Z"}
{"level":"info","message":"Employee count retrieved successfully: 4","timestamp":"2024-09-04T05:50:19.000Z"}
{"level":"info","message":"Admin count retrieved successfully: 1","timestamp":"2024-09-04T05:50:19.006Z"}
{"level":"info","message":"Total salary retrieved successfully: ₹120000","timestamp":"2024-09-04T05:50:19.009Z"}
{"level":"info","message":"Admin records retrieved successfully. Number of records: 1","timestamp":"2024-09-04T05:50:19.011Z"}
{"level":"info","message":"Employee count retrieved successfully: 4","timestamp":"2024-09-04T05:50:19.015Z"}
{"level":"info","message":"Total salary retrieved successfully: ₹120000","timestamp":"2024-09-04T05:50:19.021Z"}
{"level":"info","message":"Admin records retrieved successfully. Number of records: 1","timestamp":"2024-09-04T05:50:19.023Z"}
{"level":"info","message":"featched category data successfully","timestamp":"2024-09-04T05:50:21.712Z"}
{"level":"info","message":"featched category data successfully","timestamp":"2024-09-04T05:50:21.716Z"}
{"level":"info","message":"featched category data successfully","timestamp":"2024-09-04T05:50:26.560Z"}
{"level":"info","message":"featched category data successfully","timestamp":"2024-09-04T05:50:26.565Z"}
{"level":"info","message":"Admin count retrieved successfully: 1","timestamp":"2024-09-04T05:50:32.826Z"}
{"level":"info","message":"Employee count retrieved successfully: 4","timestamp":"2024-09-04T05:50:32.834Z"}
{"level":"info","message":"Total salary retrieved successfully: ₹120000","timestamp":"2024-09-04T05:50:32.837Z"}
{"level":"info","message":"Admin records retrieved successfully. Number of records: 1","timestamp":"2024-09-04T05:50:32.841Z"}
{"level":"info","message":"Admin count retrieved successfully: 1","timestamp":"2024-09-04T05:50:32.846Z"}
{"level":"info","message":"Employee count retrieved successfully: 4","timestamp":"2024-09-04T05:50:32.851Z"}
{"level":"info","message":"Total salary retrieved successfully: ₹120000","timestamp":"2024-09-04T05:50:32.852Z"}
{"level":"info","message":"Admin records retrieved successfully. Number of records: 1","timestamp":"2024-09-04T05:50:32.854Z"}
{"level":"info","message":"Admin count retrieved successfully: 1","timestamp":"2024-09-04T05:50:36.074Z"}
{"level":"info","message":"Employee count retrieved successfully: 4","timestamp":"2024-09-04T05:50:36.079Z"}
{"level":"info","message":"Total salary retrieved successfully: ₹120000","timestamp":"2024-09-04T05:50:36.082Z"}
{"level":"info","message":"Admin records retrieved successfully. Number of records: 1","timestamp":"2024-09-04T05:50:36.084Z"}
{"level":"info","message":"Admin count retrieved successfully: 1","timestamp":"2024-09-04T05:50:36.088Z"}
{"level":"info","message":"Employee count retrieved successfully: 4","timestamp":"2024-09-04T05:50:36.092Z"}
{"level":"info","message":"Total salary retrieved successfully: ₹120000","timestamp":"2024-09-04T05:50:36.096Z"}
{"level":"info","message":"Admin records retrieved successfully. Number of records: 1","timestamp":"2024-09-04T05:50:36.097Z"}
{"level":"info","message":"featched category data successfully","timestamp":"2024-09-04T05:50:41.807Z"}
{"level":"info","message":"featched category data successfully","timestamp":"2024-09-04T05:50:41.812Z"}
{"level":"info","message":"Admin count retrieved successfully: 1","timestamp":"2024-09-04T05:50:43.345Z"}
{"level":"info","message":"Employee count retrieved successfully: 4","timestamp":"2024-09-04T05:50:43.350Z"}
{"level":"info","message":"Total salary retrieved successfully: ₹120000","timestamp":"2024-09-04T05:50:43.352Z"}
{"level":"info","message":"Admin records retrieved successfully. Number of records: 1","timestamp":"2024-09-04T05:50:43.357Z"}
{"level":"info","message":"Admin count retrieved successfully: 1","timestamp":"2024-09-04T05:50:43.360Z"}
{"level":"info","message":"Employee count retrieved successfully: 4","timestamp":"2024-09-04T05:50:43.366Z"}
{"level":"info","message":"Total salary retrieved successfully: ₹120000","timestamp":"2024-09-04T05:50:43.369Z"}
{"level":"info","message":"Admin records retrieved successfully. Number of records: 1","timestamp":"2024-09-04T05:50:43.370Z"}
{"level":"info","message":"Logout request received","timestamp":"2024-09-04T05:53:29.193Z"}
{"level":"info","message":"Token cleared successfully","timestamp":"2024-09-04T05:53:29.194Z"}
{"level":"info","message":"login successfull ,admin@gmail.com","timestamp":"2024-09-04T06:20:44.811Z"}
{"level":"info","message":"Admin count retrieved successfully: 1","timestamp":"2024-09-04T06:20:44.871Z"}
{"level":"info","message":"Employee count retrieved successfully: 4","timestamp":"2024-09-04T06:20:44.876Z"}
{"level":"info","message":"Total salary retrieved successfully: ₹120000","timestamp":"2024-09-04T06:20:44.878Z"}
{"level":"info","message":"Admin records retrieved successfully. Number of records: 1","timestamp":"2024-09-04T06:20:44.882Z"}
{"level":"info","message":"Admin count retrieved successfully: 1","timestamp":"2024-09-04T06:20:44.886Z"}
{"level":"info","message":"Employee count retrieved successfully: 4","timestamp":"2024-09-04T06:20:44.889Z"}
{"level":"info","message":"Total salary retrieved successfully: ₹120000","timestamp":"2024-09-04T06:20:44.892Z"}
{"level":"info","message":"Admin records retrieved successfully. Number of records: 1","timestamp":"2024-09-04T06:20:44.894Z"}
{"level":"info","message":"featched category data successfully","timestamp":"2024-09-04T06:20:48.589Z"}
{"level":"info","message":"featched category data successfully","timestamp":"2024-09-04T06:20:48.596Z"}
{"level":"info","message":"featched category data successfully","timestamp":"2024-09-04T06:20:51.159Z"}
{"level":"info","message":"featched category data successfully","timestamp":"2024-09-04T06:20:51.163Z"}
{"level":"info","message":"Admin count retrieved successfully: 1","timestamp":"2024-09-04T06:20:57.573Z"}
{"level":"info","message":"Employee count retrieved successfully: 4","timestamp":"2024-09-04T06:20:57.581Z"}
{"level":"info","message":"Total salary retrieved successfully: ₹120000","timestamp":"2024-09-04T06:20:57.585Z"}
{"level":"info","message":"Admin records retrieved successfully. Number of records: 1","timestamp":"2024-09-04T06:20:57.587Z"}
{"level":"info","message":"Admin count retrieved successfully: 1","timestamp":"2024-09-04T06:20:57.635Z"}
{"level":"info","message":"Employee count retrieved successfully: 4","timestamp":"2024-09-04T06:20:57.668Z"}
{"level":"info","message":"Total salary retrieved successfully: ₹120000","timestamp":"2024-09-04T06:20:57.674Z"}
{"level":"info","message":"Admin records retrieved successfully. Number of records: 1","timestamp":"2024-09-04T06:20:57.680Z"}
{"level":"info","message":"featched category data successfully","timestamp":"2024-09-04T06:21:04.964Z"}
{"level":"info","message":"featched category data successfully","timestamp":"2024-09-04T06:21:04.971Z"}
{"level":"info","message":"Employee updated successfully: ID 69, Name: Rushikesh suryavanshi, Category ID: 18","timestamp":"2024-09-04T06:21:10.501Z"}
{"level":"info","message":"Admin count retrieved successfully: 1","timestamp":"2024-09-04T06:21:18.631Z"}
{"level":"info","message":"Employee count retrieved successfully: 4","timestamp":"2024-09-04T06:21:18.642Z"}
{"level":"info","message":"Total salary retrieved successfully: ₹130000","timestamp":"2024-09-04T06:21:18.644Z"}
{"level":"info","message":"Admin records retrieved successfully. Number of records: 1","timestamp":"2024-09-04T06:21:18.648Z"}
{"level":"info","message":"Admin count retrieved successfully: 1","timestamp":"2024-09-04T06:21:18.653Z"}
{"level":"info","message":"Employee count retrieved successfully: 4","timestamp":"2024-09-04T06:21:18.656Z"}
{"level":"info","message":"Total salary retrieved successfully: ₹130000","timestamp":"2024-09-04T06:21:18.660Z"}
{"level":"info","message":"Admin records retrieved successfully. Number of records: 1","timestamp":"2024-09-04T06:21:18.664Z"}
{"level":"info","message":"Logout request received","timestamp":"2024-09-04T06:21:33.844Z"}
{"level":"info","message":"Token cleared successfully","timestamp":"2024-09-04T06:21:33.845Z"}
{"level":"info","message":"login successfull ,admin@gmail.com","timestamp":"2024-09-04T08:16:41.090Z"}
{"level":"info","message":"Admin count retrieved successfully: 1","timestamp":"2024-09-04T08:16:41.163Z"}
{"level":"info","message":"Employee count retrieved successfully: 4","timestamp":"2024-09-04T08:16:41.172Z"}
{"level":"info","message":"Total salary retrieved successfully: ₹130000","timestamp":"2024-09-04T08:16:41.175Z"}
{"level":"info","message":"Admin records retrieved successfully. Number of records: 1","timestamp":"2024-09-04T08:16:41.178Z"}
{"level":"info","message":"Admin count retrieved successfully: 1","timestamp":"2024-09-04T08:16:41.188Z"}
{"level":"info","message":"Employee count retrieved successfully: 4","timestamp":"2024-09-04T08:16:41.190Z"}
{"level":"info","message":"Total salary retrieved successfully: ₹130000","timestamp":"2024-09-04T08:16:41.192Z"}
{"level":"info","message":"Admin records retrieved successfully. Number of records: 1","timestamp":"2024-09-04T08:16:41.194Z"}
{"level":"info","message":"Logout request received","timestamp":"2024-09-04T08:17:48.499Z"}
{"level":"info","message":"Token cleared successfully","timestamp":"2024-09-04T08:17:48.501Z"}
{"level":"info","message":"login successfull ,admin@gmail.com","timestamp":"2024-09-04T08:55:19.610Z"}
{"level":"info","message":"Admin count retrieved successfully: 1","timestamp":"2024-09-04T08:55:19.679Z"}
{"level":"info","message":"Admin records retrieved successfully. Number of records: 1","timestamp":"2024-09-04T08:55:19.693Z"}
{"level":"info","message":"Total salary retrieved successfully: ₹130000","timestamp":"2024-09-04T08:55:19.699Z"}
{"level":"info","message":"Admin count retrieved successfully: 1","timestamp":"2024-09-04T08:55:19.711Z"}
{"level":"info","message":"Employee count retrieved successfully: 4","timestamp":"2024-09-04T08:55:19.719Z"}
{"level":"info","message":"Admin records retrieved successfully. Number of records: 1","timestamp":"2024-09-04T08:55:19.724Z"}
{"level":"info","message":"Total salary retrieved successfully: ₹130000","timestamp":"2024-09-04T08:55:19.727Z"}
{"level":"info","message":"Employee count retrieved successfully: 4","timestamp":"2024-09-04T08:55:19.730Z"}
{"level":"info","message":"Admin count retrieved successfully: 1","timestamp":"2024-09-04T08:55:52.606Z"}
{"level":"info","message":"Employee count retrieved successfully: 4","timestamp":"2024-09-04T08:55:52.615Z"}
{"level":"info","message":"Total salary retrieved successfully: ₹130000","timestamp":"2024-09-04T08:55:52.617Z"}
{"level":"info","message":"Admin records retrieved successfully. Number of records: 1","timestamp":"2024-09-04T08:55:52.623Z"}
{"level":"info","message":"Admin count retrieved successfully: 1","timestamp":"2024-09-04T08:55:52.629Z"}
{"level":"info","message":"Employee count retrieved successfully: 4","timestamp":"2024-09-04T08:55:52.631Z"}
{"level":"info","message":"Total salary retrieved successfully: ₹130000","timestamp":"2024-09-04T08:55:52.635Z"}
{"level":"info","message":"Admin records retrieved successfully. Number of records: 1","timestamp":"2024-09-04T08:55:52.639Z"}
{"level":"info","message":"Admin count retrieved successfully: 1","timestamp":"2024-09-04T08:56:13.425Z"}
{"level":"info","message":"Employee count retrieved successfully: 4","timestamp":"2024-09-04T08:56:13.444Z"}
{"level":"info","message":"Total salary retrieved successfully: ₹130000","timestamp":"2024-09-04T08:56:13.449Z"}
{"level":"info","message":"Admin records retrieved successfully. Number of records: 1","timestamp":"2024-09-04T08:56:13.453Z"}
{"level":"info","message":"Admin count retrieved successfully: 1","timestamp":"2024-09-04T08:56:13.459Z"}
{"level":"info","message":"Employee count retrieved successfully: 4","timestamp":"2024-09-04T08:56:13.466Z"}
{"level":"info","message":"Total salary retrieved successfully: ₹130000","timestamp":"2024-09-04T08:56:13.470Z"}
{"level":"info","message":"Admin records retrieved successfully. Number of records: 1","timestamp":"2024-09-04T08:56:13.475Z"}
{"level":"info","message":"featched category data successfully","timestamp":"2024-09-04T08:56:31.551Z"}
{"level":"info","message":"featched category data successfully","timestamp":"2024-09-04T08:56:31.556Z"}
{"level":"info","message":"Employee added successfully: iron man","timestamp":"2024-09-04T08:58:04.207Z"}
{"level":"info","message":"featched category data successfully","timestamp":"2024-09-04T08:58:54.654Z"}
{"level":"info","message":"featched category data successfully","timestamp":"2024-09-04T08:58:54.671Z"}
{"level":"info","message":"Employee updated successfully: ID 70, Name: iron man, Category ID: 11","timestamp":"2024-09-04T08:59:00.502Z"}
{"level":"info","message":"Admin count retrieved successfully: 1","timestamp":"2024-09-04T08:59:04.761Z"}
{"level":"info","message":"Employee count retrieved successfully: 5","timestamp":"2024-09-04T08:59:04.774Z"}
{"level":"info","message":"Total salary retrieved successfully: ₹170000","timestamp":"2024-09-04T08:59:04.780Z"}
{"level":"info","message":"Admin records retrieved successfully. Number of records: 1","timestamp":"2024-09-04T08:59:04.783Z"}
{"level":"info","message":"Admin count retrieved successfully: 1","timestamp":"2024-09-04T08:59:04.789Z"}
{"level":"info","message":"Employee count retrieved successfully: 5","timestamp":"2024-09-04T08:59:04.793Z"}
{"level":"info","message":"Total salary retrieved successfully: ₹170000","timestamp":"2024-09-04T08:59:04.796Z"}
{"level":"info","message":"Admin records retrieved successfully. Number of records: 1","timestamp":"2024-09-04T08:59:04.800Z"}
{"level":"info","message":"featched category data successfully","timestamp":"2024-09-04T08:59:13.359Z"}
{"level":"info","message":"featched category data successfully","timestamp":"2024-09-04T08:59:13.367Z"}
{"level":"info","message":"featched category data successfully","timestamp":"2024-09-04T08:59:17.521Z"}
{"level":"info","message":"featched category data successfully","timestamp":"2024-09-04T08:59:17.531Z"}
{"level":"info","message":"Category added successfully: finance","timestamp":"2024-09-04T08:59:37.212Z"}
{"level":"info","message":"featched category data successfully","timestamp":"2024-09-04T08:59:37.234Z"}
{"level":"info","message":"featched category data successfully","timestamp":"2024-09-04T08:59:37.241Z"}
{"level":"info","message":"featched category data successfully","timestamp":"2024-09-04T08:59:43.305Z"}
{"level":"info","message":"featched category data successfully","timestamp":"2024-09-04T08:59:43.310Z"}
{"level":"info","message":"Employee added successfully: superman","timestamp":"2024-09-04T09:03:49.486Z"}
{"level":"info","message":"featched category data successfully","timestamp":"2024-09-04T09:03:54.773Z"}
{"level":"info","message":"featched category data successfully","timestamp":"2024-09-04T09:03:54.782Z"}
{"level":"info","message":"featched category data successfully","timestamp":"2024-09-04T09:05:59.617Z"}
{"level":"info","message":"featched category data successfully","timestamp":"2024-09-04T09:05:59.623Z"}
{"level":"info","message":"Employee deleted successfully: ID 71","timestamp":"2024-09-04T09:06:21.414Z"}
{"level":"info","message":"Admin count retrieved successfully: 1","timestamp":"2024-09-04T09:06:46.323Z"}
{"level":"info","message":"Employee count retrieved successfully: 5","timestamp":"2024-09-04T09:06:46.331Z"}
{"level":"info","message":"Total salary retrieved successfully: ₹170000","timestamp":"2024-09-04T09:06:46.337Z"}
{"level":"info","message":"Admin records retrieved successfully. Number of records: 1","timestamp":"2024-09-04T09:06:46.340Z"}
{"level":"info","message":"Admin count retrieved successfully: 1","timestamp":"2024-09-04T09:06:46.348Z"}
{"level":"info","message":"Employee count retrieved successfully: 5","timestamp":"2024-09-04T09:06:46.350Z"}
{"level":"info","message":"Total salary retrieved successfully: ₹170000","timestamp":"2024-09-04T09:06:46.358Z"}
{"level":"info","message":"Admin records retrieved successfully. Number of records: 1","timestamp":"2024-09-04T09:06:46.360Z"}
{"level":"info","message":"featched category data successfully","timestamp":"2024-09-04T09:06:47.976Z"}
{"level":"info","message":"featched category data successfully","timestamp":"2024-09-04T09:06:47.986Z"}
{"level":"info","message":"Logout request received","timestamp":"2024-09-04T09:07:12.020Z"}
{"level":"info","message":"Token cleared successfully","timestamp":"2024-09-04T09:07:12.022Z"}
{"level":"info","message":"login successfull ,admin@gmail.com","timestamp":"2024-09-04T09:27:26.352Z"}
{"level":"info","message":"Admin count retrieved successfully: 1","timestamp":"2024-09-04T09:27:26.415Z"}
{"level":"info","message":"Admin count retrieved successfully: 1","timestamp":"2024-09-04T09:27:26.454Z"}
{"level":"info","message":"Employee count retrieved successfully: 5","timestamp":"2024-09-04T09:27:26.458Z"}
{"level":"info","message":"Total salary retrieved successfully: ₹170000","timestamp":"2024-09-04T09:27:26.461Z"}
{"level":"info","message":"Admin records retrieved successfully. Number of records: 1","timestamp":"2024-09-04T09:27:26.468Z"}
{"level":"info","message":"Employee count retrieved successfully: 5","timestamp":"2024-09-04T09:27:26.471Z"}
{"level":"info","message":"Total salary retrieved successfully: ₹170000","timestamp":"2024-09-04T09:27:26.476Z"}
{"level":"info","message":"Admin records retrieved successfully. Number of records: 1","timestamp":"2024-09-04T09:27:26.487Z"}
{"level":"info","message":"featched category data successfully","timestamp":"2024-09-04T09:27:30.576Z"}
{"level":"info","message":"featched category data successfully","timestamp":"2024-09-04T09:27:30.591Z"}
{"level":"info","message":"Admin count retrieved successfully: 1","timestamp":"2024-09-04T09:29:17.355Z"}
{"level":"info","message":"Employee count retrieved successfully: 5","timestamp":"2024-09-04T09:29:17.361Z"}
{"level":"info","message":"Total salary retrieved successfully: ₹170000","timestamp":"2024-09-04T09:29:17.383Z"}
{"level":"info","message":"Admin records retrieved successfully. Number of records: 1","timestamp":"2024-09-04T09:29:17.388Z"}
{"level":"info","message":"Admin count retrieved successfully: 1","timestamp":"2024-09-04T09:29:17.398Z"}
{"level":"info","message":"Employee count retrieved successfully: 5","timestamp":"2024-09-04T09:29:17.403Z"}
{"level":"info","message":"Total salary retrieved successfully: ₹170000","timestamp":"2024-09-04T09:29:17.415Z"}
{"level":"info","message":"Admin records retrieved successfully. Number of records: 1","timestamp":"2024-09-04T09:29:17.418Z"}
{"level":"error","message":"login failed ,swaropp@gmail.com","timestamp":"2024-09-04T09:30:56.714Z"}
{"level":"info","message":"Admin count retrieved successfully: 1","timestamp":"2024-09-04T09:38:06.206Z"}
{"level":"info","message":"Employee count retrieved successfully: 5","timestamp":"2024-09-04T09:38:06.226Z"}
{"level":"info","message":"Total salary retrieved successfully: ₹170000","timestamp":"2024-09-04T09:38:06.231Z"}
{"level":"info","message":"Admin records retrieved successfully. Number of records: 1","timestamp":"2024-09-04T09:38:06.237Z"}
{"level":"info","message":"Admin count retrieved successfully: 1","timestamp":"2024-09-04T09:38:06.249Z"}
{"level":"info","message":"Employee count retrieved successfully: 5","timestamp":"2024-09-04T09:38:06.254Z"}
{"level":"info","message":"Total salary retrieved successfully: ₹170000","timestamp":"2024-09-04T09:38:06.256Z"}
{"level":"info","message":"Admin records retrieved successfully. Number of records: 1","timestamp":"2024-09-04T09:38:06.259Z"}
{"level":"info","message":"Admin count retrieved successfully: 1","timestamp":"2024-09-04T09:38:09.479Z"}
{"level":"info","message":"Employee count retrieved successfully: 5","timestamp":"2024-09-04T09:38:09.481Z"}
{"level":"info","message":"Total salary retrieved successfully: ₹170000","timestamp":"2024-09-04T09:38:09.485Z"}
{"level":"info","message":"Admin records retrieved successfully. Number of records: 1","timestamp":"2024-09-04T09:38:09.503Z"}
{"level":"info","message":"Admin count retrieved successfully: 1","timestamp":"2024-09-04T09:38:09.517Z"}
{"level":"info","message":"Employee count retrieved successfully: 5","timestamp":"2024-09-04T09:38:09.521Z"}
{"level":"info","message":"Total salary retrieved successfully: ₹170000","timestamp":"2024-09-04T09:38:09.526Z"}
{"level":"info","message":"Admin records retrieved successfully. Number of records: 1","timestamp":"2024-09-04T09:38:09.529Z"}
{"level":"info","message":"Logout request received","timestamp":"2024-09-04T09:38:13.170Z"}
{"level":"info","message":"Token cleared successfully","timestamp":"2024-09-04T09:38:13.172Z"}
{"level":"info","message":"login successfull ,admin@gmail.com","timestamp":"2024-09-05T10:34:35.847Z"}
{"level":"info","message":"Admin count retrieved successfully: 1","timestamp":"2024-09-05T10:34:35.927Z"}
{"level":"info","message":"Employee count retrieved successfully: 5","timestamp":"2024-09-05T10:34:35.939Z"}
{"level":"info","message":"Total salary retrieved successfully: ₹170000","timestamp":"2024-09-05T10:34:35.943Z"}
{"level":"info","message":"Admin count retrieved successfully: 1","timestamp":"2024-09-05T10:34:35.951Z"}
{"level":"info","message":"Admin records retrieved successfully. Number of records: 1","timestamp":"2024-09-05T10:34:35.955Z"}
{"level":"info","message":"Employee count retrieved successfully: 5","timestamp":"2024-09-05T10:34:35.961Z"}
{"level":"info","message":"Total salary retrieved successfully: ₹170000","timestamp":"2024-09-05T10:34:35.972Z"}
{"level":"info","message":"Admin records retrieved successfully. Number of records: 1","timestamp":"2024-09-05T10:34:35.977Z"}
{"level":"info","message":"featched category data successfully","timestamp":"2024-09-05T10:34:41.008Z"}
{"level":"info","message":"featched category data successfully","timestamp":"2024-09-05T10:34:41.016Z"}
{"level":"info","message":"login successfull ,admin@gmail.com","timestamp":"2024-09-05T10:40:06.815Z"}
{"level":"info","message":"Admin count retrieved successfully: 1","timestamp":"2024-09-05T10:40:06.954Z"}
{"level":"info","message":"Employee count retrieved successfully: 5","timestamp":"2024-09-05T10:40:06.977Z"}
{"level":"info","message":"Total salary retrieved successfully: ₹170000","timestamp":"2024-09-05T10:40:06.983Z"}
{"level":"info","message":"Admin records retrieved successfully. Number of records: 1","timestamp":"2024-09-05T10:40:06.990Z"}
{"level":"info","message":"Admin count retrieved successfully: 1","timestamp":"2024-09-05T10:40:07.003Z"}
{"level":"info","message":"Employee count retrieved successfully: 5","timestamp":"2024-09-05T10:40:07.019Z"}
{"level":"info","message":"Total salary retrieved successfully: ₹170000","timestamp":"2024-09-05T10:40:07.023Z"}
{"level":"info","message":"Admin records retrieved successfully. Number of records: 1","timestamp":"2024-09-05T10:40:07.027Z"}
{"level":"info","message":"featched category data successfully","timestamp":"2024-09-05T10:40:14.709Z"}
{"level":"info","message":"featched category data successfully","timestamp":"2024-09-05T10:40:14.738Z"}
{"level":"info","message":"featched category data successfully","timestamp":"2024-09-05T10:42:11.696Z"}
{"level":"info","message":"featched category data successfully","timestamp":"2024-09-05T10:42:11.708Z"}
{"level":"info","message":"featched category data successfully","timestamp":"2024-09-05T10:42:17.427Z"}
{"level":"info","message":"featched category data successfully","timestamp":"2024-09-05T10:42:17.435Z"}
{"level":"info","message":"featched category data successfully","timestamp":"2024-09-05T10:42:30.769Z"}
{"level":"info","message":"featched category data successfully","timestamp":"2024-09-05T10:42:30.775Z"}
{"level":"info","message":"featched category data successfully","timestamp":"2024-09-05T11:05:54.657Z"}
{"level":"info","message":"featched category data successfully","timestamp":"2024-09-05T11:05:54.664Z"}
{"level":"info","message":"Admin count retrieved successfully: 1","timestamp":"2024-09-05T11:05:56.396Z"}
{"level":"info","message":"Employee count retrieved successfully: 5","timestamp":"2024-09-05T11:05:56.401Z"}
{"level":"info","message":"Total salary retrieved successfully: ₹170000","timestamp":"2024-09-05T11:05:56.404Z"}
{"level":"info","message":"Admin records retrieved successfully. Number of records: 1","timestamp":"2024-09-05T11:05:56.412Z"}
{"level":"info","message":"Admin count retrieved successfully: 1","timestamp":"2024-09-05T11:05:56.414Z"}
{"level":"info","message":"Employee count retrieved successfully: 5","timestamp":"2024-09-05T11:05:56.419Z"}
{"level":"info","message":"Total salary retrieved successfully: ₹170000","timestamp":"2024-09-05T11:05:56.421Z"}
{"level":"info","message":"Admin records retrieved successfully. Number of records: 1","timestamp":"2024-09-05T11:05:56.424Z"}
{"level":"info","message":"featched category data successfully","timestamp":"2024-09-05T11:06:00.131Z"}
{"level":"info","message":"featched category data successfully","timestamp":"2024-09-05T11:06:00.135Z"}
{"level":"info","message":"Employee deleted successfully: ID 70","timestamp":"2024-09-05T11:06:09.011Z"}
{"level":"info","message":"featched category data successfully","timestamp":"2024-09-05T11:06:15.441Z"}
{"level":"info","message":"featched category data successfully","timestamp":"2024-09-05T11:06:15.446Z"}
{"level":"info","message":"Employee added successfully: super","timestamp":"2024-09-05T11:07:06.877Z"}
{"level":"info","message":"Employee deleted successfully: ID 72","timestamp":"2024-09-05T11:14:40.585Z"}
{"level":"info","message":"Logout request received","timestamp":"2024-09-05T11:17:26.082Z"}
{"level":"info","message":"Token cleared successfully","timestamp":"2024-09-05T11:17:26.084Z"}
{"level":"info","message":"login successfull ,admin@gmail.com","timestamp":"2024-09-05T11:17:53.472Z"}
{"level":"info","message":"Admin count retrieved successfully: 1","timestamp":"2024-09-05T11:17:53.515Z"}
{"level":"info","message":"Employee count retrieved successfully: 4","timestamp":"2024-09-05T11:17:53.519Z"}
{"level":"info","message":"Total salary retrieved successfully: ₹130000","timestamp":"2024-09-05T11:17:53.522Z"}
{"level":"info","message":"Admin records retrieved successfully. Number of records: 1","timestamp":"2024-09-05T11:17:53.527Z"}
{"level":"info","message":"Admin count retrieved successfully: 1","timestamp":"2024-09-05T11:17:53.530Z"}
{"level":"info","message":"Employee count retrieved successfully: 4","timestamp":"2024-09-05T11:17:53.534Z"}
{"level":"info","message":"Total salary retrieved successfully: ₹130000","timestamp":"2024-09-05T11:17:53.537Z"}
{"level":"info","message":"Admin records retrieved successfully. Number of records: 1","timestamp":"2024-09-05T11:17:53.540Z"}
{"level":"info","message":"featched category data successfully","timestamp":"2024-09-05T11:18:04.144Z"}
{"level":"info","message":"featched category data successfully","timestamp":"2024-09-05T11:18:04.147Z"}
{"level":"info","message":"featched category data successfully","timestamp":"2024-09-05T11:18:07.080Z"}
{"level":"info","message":"featched category data successfully","timestamp":"2024-09-05T11:18:07.084Z"}
{"level":"info","message":"Admin count retrieved successfully: 1","timestamp":"2024-09-05T11:18:10.191Z"}
{"level":"info","message":"Employee count retrieved successfully: 4","timestamp":"2024-09-05T11:18:10.197Z"}
{"level":"info","message":"Total salary retrieved successfully: ₹130000","timestamp":"2024-09-05T11:18:10.200Z"}
{"level":"info","message":"Admin records retrieved successfully. Number of records: 1","timestamp":"2024-09-05T11:18:10.205Z"}
{"level":"info","message":"Admin count retrieved successfully: 1","timestamp":"2024-09-05T11:18:10.208Z"}
{"level":"info","message":"Employee count retrieved successfully: 4","timestamp":"2024-09-05T11:18:10.211Z"}
{"level":"info","message":"Total salary retrieved successfully: ₹130000","timestamp":"2024-09-05T11:18:10.212Z"}
{"level":"info","message":"Admin records retrieved successfully. Number of records: 1","timestamp":"2024-09-05T11:18:10.213Z"}
{"level":"info","message":"featched category data successfully","timestamp":"2024-09-05T11:18:12.461Z"}
{"level":"info","message":"featched category data successfully","timestamp":"2024-09-05T11:18:12.465Z"}
{"level":"info","message":"Employee deleted successfully: ID 69","timestamp":"2024-09-05T11:18:18.964Z"}
{"level":"info","message":"Admin count retrieved successfully: 1","timestamp":"2024-09-05T11:18:22.458Z"}
{"level":"info","message":"Employee count retrieved successfully: 3","timestamp":"2024-09-05T11:18:22.466Z"}
{"level":"info","message":"Total salary retrieved successfully: ₹85000","timestamp":"2024-09-05T11:18:22.468Z"}
{"level":"info","message":"Admin records retrieved successfully. Number of records: 1","timestamp":"2024-09-05T11:18:22.472Z"}
{"level":"info","message":"Admin count retrieved successfully: 1","timestamp":"2024-09-05T11:18:22.475Z"}
{"level":"info","message":"Employee count retrieved successfully: 3","timestamp":"2024-09-05T11:18:22.480Z"}
{"level":"info","message":"Total salary retrieved successfully: ₹85000","timestamp":"2024-09-05T11:18:22.482Z"}
{"level":"info","message":"Admin records retrieved successfully. Number of records: 1","timestamp":"2024-09-05T11:18:22.484Z"}
{"level":"info","message":"login successfull ,admin@gmail.com","timestamp":"2024-09-06T04:12:32.939Z"}
{"level":"info","message":"Admin count retrieved successfully: 1","timestamp":"2024-09-06T04:12:33.013Z"}
{"level":"info","message":"Employee count retrieved successfully: 3","timestamp":"2024-09-06T04:12:33.029Z"}
{"level":"info","message":"Total salary retrieved successfully: ₹85000","timestamp":"2024-09-06T04:12:33.034Z"}
{"level":"info","message":"Admin records retrieved successfully. Number of records: 1","timestamp":"2024-09-06T04:12:33.038Z"}
{"level":"info","message":"Admin count retrieved successfully: 1","timestamp":"2024-09-06T04:12:33.043Z"}
{"level":"info","message":"Employee count retrieved successfully: 3","timestamp":"2024-09-06T04:12:33.053Z"}
{"level":"info","message":"Total salary retrieved successfully: ₹85000","timestamp":"2024-09-06T04:12:33.061Z"}
{"level":"info","message":"Admin records retrieved successfully. Number of records: 1","timestamp":"2024-09-06T04:12:33.070Z"}
{"level":"info","message":"Employee deleted successfully: ID 68","timestamp":"2024-09-06T04:12:40.234Z"}
{"level":"info","message":"featched category data successfully","timestamp":"2024-09-06T04:50:53.431Z"}
{"level":"info","message":"featched category data successfully","timestamp":"2024-09-06T04:50:53.449Z"}
{"level":"info","message":"Admin count retrieved successfully: 1","timestamp":"2024-09-06T04:50:56.388Z"}
{"level":"info","message":"Employee count retrieved successfully: 2","timestamp":"2024-09-06T04:50:56.400Z"}
{"level":"info","message":"Total salary retrieved successfully: ₹55000","timestamp":"2024-09-06T04:50:56.405Z"}
{"level":"info","message":"Admin records retrieved successfully. Number of records: 1","timestamp":"2024-09-06T04:50:56.409Z"}
{"level":"info","message":"Admin count retrieved successfully: 1","timestamp":"2024-09-06T04:50:56.412Z"}
{"level":"info","message":"Employee count retrieved successfully: 2","timestamp":"2024-09-06T04:50:56.420Z"}
{"level":"info","message":"Total salary retrieved successfully: ₹55000","timestamp":"2024-09-06T04:50:56.422Z"}
{"level":"info","message":"Admin records retrieved successfully. Number of records: 1","timestamp":"2024-09-06T04:50:56.426Z"}
{"level":"info","message":"Admin count retrieved successfully: 1","timestamp":"2024-09-06T04:51:08.641Z"}
{"level":"info","message":"Admin records retrieved successfully. Number of records: 1","timestamp":"2024-09-06T04:51:08.650Z"}
{"level":"info","message":"Employee count retrieved successfully: 2","timestamp":"2024-09-06T04:51:08.658Z"}
{"level":"info","message":"Total salary retrieved successfully: ₹55000","timestamp":"2024-09-06T04:51:08.661Z"}
{"level":"info","message":"Admin count retrieved successfully: 1","timestamp":"2024-09-06T04:51:08.665Z"}
{"level":"info","message":"Admin records retrieved successfully. Number of records: 1","timestamp":"2024-09-06T04:51:08.667Z"}
{"level":"info","message":"Employee count retrieved successfully: 2","timestamp":"2024-09-06T04:51:08.673Z"}
{"level":"info","message":"Total salary retrieved successfully: ₹55000","timestamp":"2024-09-06T04:51:08.676Z"}
{"level":"info","message":"featched category data successfully","timestamp":"2024-09-06T07:30:15.498Z"}
{"level":"info","message":"featched category data successfully","timestamp":"2024-09-06T07:30:15.510Z"}
{"level":"info","message":"Admin count retrieved successfully: 1","timestamp":"2024-09-06T07:30:23.228Z"}
{"level":"info","message":"Employee count retrieved successfully: 2","timestamp":"2024-09-06T07:30:23.243Z"}
{"level":"info","message":"Total salary retrieved successfully: ₹55000","timestamp":"2024-09-06T07:30:23.247Z"}
{"level":"info","message":"Admin records retrieved successfully. Number of records: 1","timestamp":"2024-09-06T07:30:23.249Z"}
{"level":"info","message":"Admin count retrieved successfully: 1","timestamp":"2024-09-06T07:30:23.253Z"}
{"level":"info","message":"Employee count retrieved successfully: 2","timestamp":"2024-09-06T07:30:23.258Z"}
{"level":"info","message":"Total salary retrieved successfully: ₹55000","timestamp":"2024-09-06T07:30:23.260Z"}
{"level":"info","message":"Admin records retrieved successfully. Number of records: 1","timestamp":"2024-09-06T07:30:23.264Z"}
{"level":"info","message":"Admin count retrieved successfully: 1","timestamp":"2024-09-06T07:30:24.991Z"}
{"level":"info","message":"Employee count retrieved successfully: 2","timestamp":"2024-09-06T07:30:24.998Z"}
{"level":"info","message":"Total salary retrieved successfully: ₹55000","timestamp":"2024-09-06T07:30:25.004Z"}
{"level":"info","message":"Admin records retrieved successfully. Number of records: 1","timestamp":"2024-09-06T07:30:25.008Z"}
{"level":"info","message":"Admin count retrieved successfully: 1","timestamp":"2024-09-06T07:30:25.016Z"}
{"level":"info","message":"Employee count retrieved successfully: 2","timestamp":"2024-09-06T07:30:25.018Z"}
{"level":"info","message":"Total salary retrieved successfully: ₹55000","timestamp":"2024-09-06T07:30:25.021Z"}
{"level":"info","message":"Admin records retrieved successfully. Number of records: 1","timestamp":"2024-09-06T07:30:25.023Z"}
{"level":"info","message":"Admin count retrieved successfully: 1","timestamp":"2024-09-06T07:30:26.272Z"}
{"level":"info","message":"Employee count retrieved successfully: 2","timestamp":"2024-09-06T07:30:26.281Z"}
{"level":"info","message":"Total salary retrieved successfully: ₹55000","timestamp":"2024-09-06T07:30:26.284Z"}
{"level":"info","message":"Admin records retrieved successfully. Number of records: 1","timestamp":"2024-09-06T07:30:26.291Z"}
{"level":"info","message":"Admin count retrieved successfully: 1","timestamp":"2024-09-06T07:30:26.295Z"}
{"level":"info","message":"Employee count retrieved successfully: 2","timestamp":"2024-09-06T07:30:26.301Z"}
{"level":"info","message":"Total salary retrieved successfully: ₹55000","timestamp":"2024-09-06T07:30:26.303Z"}
{"level":"info","message":"Admin records retrieved successfully. Number of records: 1","timestamp":"2024-09-06T07:30:26.305Z"}
{"level":"info","message":"featched category data successfully","timestamp":"2024-09-06T07:30:26.581Z"}
{"level":"info","message":"featched category data successfully","timestamp":"2024-09-06T07:30:26.588Z"}
{"level":"info","message":"Admin count retrieved successfully: 1","timestamp":"2024-09-06T07:30:27.017Z"}
{"level":"info","message":"Employee count retrieved successfully: 2","timestamp":"2024-09-06T07:30:27.028Z"}
{"level":"info","message":"Total salary retrieved successfully: ₹55000","timestamp":"2024-09-06T07:30:27.035Z"}
{"level":"info","message":"Admin records retrieved successfully. Number of records: 1","timestamp":"2024-09-06T07:30:27.044Z"}
{"level":"info","message":"Admin count retrieved successfully: 1","timestamp":"2024-09-06T07:30:27.050Z"}
{"level":"info","message":"Employee count retrieved successfully: 2","timestamp":"2024-09-06T07:30:27.057Z"}
{"level":"info","message":"Total salary retrieved successfully: ₹55000","timestamp":"2024-09-06T07:30:27.062Z"}
{"level":"info","message":"Admin records retrieved successfully. Number of records: 1","timestamp":"2024-09-06T07:30:27.068Z"}
{"level":"info","message":"Admin count retrieved successfully: 1","timestamp":"2024-09-06T07:30:27.743Z"}
{"level":"info","message":"Employee count retrieved successfully: 2","timestamp":"2024-09-06T07:30:27.761Z"}
{"level":"info","message":"Total salary retrieved successfully: ₹55000","timestamp":"2024-09-06T07:30:27.765Z"}
{"level":"info","message":"Admin records retrieved successfully. Number of records: 1","timestamp":"2024-09-06T07:30:27.771Z"}
{"level":"info","message":"Admin count retrieved successfully: 1","timestamp":"2024-09-06T07:30:27.780Z"}
{"level":"info","message":"Employee count retrieved successfully: 2","timestamp":"2024-09-06T07:30:27.787Z"}
{"level":"info","message":"Total salary retrieved successfully: ₹55000","timestamp":"2024-09-06T07:30:27.790Z"}
{"level":"info","message":"Admin records retrieved successfully. Number of records: 1","timestamp":"2024-09-06T07:30:27.797Z"}
{"level":"info","message":"Admin count retrieved successfully: 1","timestamp":"2024-09-06T07:30:29.393Z"}
{"level":"info","message":"Employee count retrieved successfully: 2","timestamp":"2024-09-06T07:30:29.399Z"}
{"level":"info","message":"Total salary retrieved successfully: ₹55000","timestamp":"2024-09-06T07:30:29.403Z"}
{"level":"info","message":"Admin records retrieved successfully. Number of records: 1","timestamp":"2024-09-06T07:30:29.409Z"}
{"level":"info","message":"Admin count retrieved successfully: 1","timestamp":"2024-09-06T07:30:29.413Z"}
{"level":"info","message":"Employee count retrieved successfully: 2","timestamp":"2024-09-06T07:30:29.417Z"}
{"level":"info","message":"Total salary retrieved successfully: ₹55000","timestamp":"2024-09-06T07:30:29.419Z"}
{"level":"info","message":"Admin records retrieved successfully. Number of records: 1","timestamp":"2024-09-06T07:30:29.421Z"}
{"level":"info","message":"login successfull ,admin@gmail.com","timestamp":"2024-09-09T05:01:32.464Z"}
{"level":"info","message":"Admin count retrieved successfully: 1","timestamp":"2024-09-09T05:01:32.608Z"}
{"level":"info","message":"Employee count retrieved successfully: 2","timestamp":"2024-09-09T05:01:32.616Z"}
{"level":"info","message":"Total salary retrieved successfully: ₹55000","timestamp":"2024-09-09T05:01:32.624Z"}
{"level":"info","message":"Admin records retrieved successfully. Number of records: 1","timestamp":"2024-09-09T05:01:32.629Z"}
{"level":"info","message":"Admin count retrieved successfully: 1","timestamp":"2024-09-09T05:01:32.633Z"}
{"level":"info","message":"Employee count retrieved successfully: 2","timestamp":"2024-09-09T05:01:32.644Z"}
{"level":"info","message":"Total salary retrieved successfully: ₹55000","timestamp":"2024-09-09T05:01:32.651Z"}
{"level":"info","message":"Admin records retrieved successfully. Number of records: 1","timestamp":"2024-09-09T05:01:32.656Z"}
{"level":"info","message":"login successfull ,admin@gmail.com","timestamp":"2024-09-09T05:02:09.599Z"}
{"level":"info","message":"Admin count retrieved successfully: 1","timestamp":"2024-09-09T05:02:09.674Z"}
{"level":"info","message":"Employee count retrieved successfully: 2","timestamp":"2024-09-09T05:02:09.683Z"}
{"level":"info","message":"Total salary retrieved successfully: ₹55000","timestamp":"2024-09-09T05:02:09.688Z"}
{"level":"info","message":"Admin records retrieved successfully. Number of records: 1","timestamp":"2024-09-09T05:02:09.694Z"}
{"level":"info","message":"Admin count retrieved successfully: 1","timestamp":"2024-09-09T05:02:09.700Z"}
{"level":"info","message":"Employee count retrieved successfully: 2","timestamp":"2024-09-09T05:02:09.706Z"}
{"level":"info","message":"Total salary retrieved successfully: ₹55000","timestamp":"2024-09-09T05:02:09.708Z"}
{"level":"info","message":"Admin records retrieved successfully. Number of records: 1","timestamp":"2024-09-09T05:02:09.713Z"}
{"level":"info","message":"Admin count retrieved successfully: 1","timestamp":"2024-09-09T05:02:16.273Z"}
{"level":"info","message":"Employee count retrieved successfully: 2","timestamp":"2024-09-09T05:02:16.280Z"}
{"level":"info","message":"Admin records retrieved successfully. Number of records: 1","timestamp":"2024-09-09T05:02:16.289Z"}
{"level":"info","message":"Total salary retrieved successfully: ₹55000","timestamp":"2024-09-09T05:02:16.293Z"}
{"level":"info","message":"Admin count retrieved successfully: 1","timestamp":"2024-09-09T05:02:16.296Z"}
{"level":"info","message":"Employee count retrieved successfully: 2","timestamp":"2024-09-09T05:02:16.299Z"}
{"level":"info","message":"Admin records retrieved successfully. Number of records: 1","timestamp":"2024-09-09T05:02:16.304Z"}
{"level":"info","message":"Total salary retrieved successfully: ₹55000","timestamp":"2024-09-09T05:02:16.307Z"}
{"level":"info","message":"Admin count retrieved successfully: 1","timestamp":"2024-09-09T05:05:34.344Z"}
{"level":"info","message":"Employee count retrieved successfully: 2","timestamp":"2024-09-09T05:05:34.365Z"}
{"level":"info","message":"Total salary retrieved successfully: ₹55000","timestamp":"2024-09-09T05:05:34.368Z"}
{"level":"info","message":"Admin records retrieved successfully. Number of records: 1","timestamp":"2024-09-09T05:05:34.373Z"}
{"level":"info","message":"Admin count retrieved successfully: 1","timestamp":"2024-09-09T05:05:34.385Z"}
{"level":"info","message":"Employee count retrieved successfully: 2","timestamp":"2024-09-09T05:05:34.393Z"}
{"level":"info","message":"Total salary retrieved successfully: ₹55000","timestamp":"2024-09-09T05:05:34.399Z"}
{"level":"info","message":"Admin records retrieved successfully. Number of records: 1","timestamp":"2024-09-09T05:05:34.403Z"}
